07/03/2023 08:38:43 PM - INFO:conexão com o banco de dados efetuada com sucesso.
07/03/2023 08:38:43 PM - INFO:Iniciando pesquisa de nodrops
07/03/2023 08:38:44 PM - INFO:transações de nodrop selecionadas com sucesso.
07/03/2023 08:38:44 PM - INFO:transações de nodrop selecionadas com sucesso.
07/03/2023 08:38:45 PM - INFO:transações de nodrop selecionadas com sucesso.
07/03/2023 08:38:45 PM - INFO:transações de nodrop selecionadas com sucesso.
07/03/2023 08:38:45 PM - INFO:transações de nodrop selecionadas com sucesso.
07/03/2023 08:38:45 PM - INFO:transações de nodrop selecionadas com sucesso.
07/03/2023 08:38:46 PM - INFO:transações de nodrop selecionadas com sucesso.
07/03/2023 08:38:46 PM - INFO:transações de nodrop selecionadas com sucesso.
07/03/2023 08:38:46 PM - INFO:transações de nodrop selecionadas com sucesso.
07/03/2023 08:38:47 PM - INFO:transações de nodrop selecionadas com sucesso.
07/03/2023 08:38:47 PM - INFO:transações de nodrop selecionadas com sucesso.
07/03/2023 08:38:47 PM - INFO:transações de nodrop selecionadas com sucesso.
07/03/2023 08:38:48 PM - INFO:transações de nodrop selecionadas com sucesso.
07/03/2023 08:38:48 PM - INFO:transações de nodrop selecionadas com sucesso.
07/03/2023 08:38:48 PM - INFO:transações de nodrop selecionadas com sucesso.
07/03/2023 08:38:49 PM - INFO:transações de nodrop selecionadas com sucesso.
07/03/2023 08:38:49 PM - INFO:transações de nodrop selecionadas com sucesso.
07/03/2023 08:38:49 PM - WARNING:Não foi possivel selecionar as transações de nodrop - list index out of range
07/03/2023 08:38:49 PM - INFO:transações de nodrop selecionadas com sucesso.
07/03/2023 08:38:50 PM - INFO:transações de nodrop selecionadas com sucesso.
07/03/2023 08:38:50 PM - WARNING:Não foi possivel selecionar as transações de nodrop - list index out of range
07/03/2023 08:38:50 PM - INFO:transações de nodrop selecionadas com sucesso.
07/03/2023 08:38:50 PM - INFO:transações de nodrop selecionadas com sucesso.
07/03/2023 08:38:50 PM - INFO:transações de nodrop selecionadas com sucesso.
07/03/2023 08:38:51 PM - INFO:transações de nodrop selecionadas com sucesso.
07/03/2023 08:38:51 PM - INFO:transações de nodrop selecionadas com sucesso.
07/03/2023 08:38:51 PM - INFO:transações de nodrop selecionadas com sucesso.
07/03/2023 08:38:52 PM - INFO:transações de nodrop selecionadas com sucesso.
07/03/2023 08:38:52 PM - INFO:transações de nodrop selecionadas com sucesso.
07/03/2023 08:38:52 PM - INFO:transações de nodrop selecionadas com sucesso.
07/03/2023 08:38:53 PM - INFO:transações de nodrop selecionadas com sucesso.
07/03/2023 08:38:53 PM - INFO:transações de nodrop selecionadas com sucesso.
07/03/2023 08:38:53 PM - INFO:transações de nodrop selecionadas com sucesso.
07/03/2023 08:38:53 PM - INFO:transações de nodrop selecionadas com sucesso.
07/03/2023 08:38:54 PM - INFO:transações de nodrop selecionadas com sucesso.
07/03/2023 08:38:54 PM - INFO:transações de nodrop selecionadas com sucesso.
07/03/2023 08:38:54 PM - INFO:transações de nodrop selecionadas com sucesso.
07/03/2023 08:38:55 PM - INFO:transações de nodrop selecionadas com sucesso.
07/03/2023 08:38:55 PM - INFO:transações de nodrop selecionadas com sucesso.
07/03/2023 08:38:55 PM - INFO:transações de nodrop selecionadas com sucesso.
07/03/2023 08:38:55 PM - INFO:transações de nodrop selecionadas com sucesso.
07/03/2023 08:38:56 PM - INFO:transações de nodrop selecionadas com sucesso.
07/03/2023 08:38:56 PM - INFO:transações de nodrop selecionadas com sucesso.
07/03/2023 08:38:56 PM - INFO:transações de nodrop selecionadas com sucesso.
07/03/2023 08:38:57 PM - INFO:transações de nodrop selecionadas com sucesso.
07/03/2023 08:38:57 PM - INFO:transações de nodrop selecionadas com sucesso.
07/03/2023 08:38:57 PM - INFO:transações de nodrop selecionadas com sucesso.
07/03/2023 08:38:58 PM - INFO:transações de nodrop selecionadas com sucesso.
07/03/2023 08:38:58 PM - INFO:transações de nodrop selecionadas com sucesso.
07/03/2023 08:38:58 PM - INFO:transações de nodrop selecionadas com sucesso.
07/03/2023 08:38:58 PM - INFO:transações de nodrop selecionadas com sucesso.
07/03/2023 08:38:59 PM - INFO:transações de nodrop selecionadas com sucesso.
07/03/2023 08:38:59 PM - INFO:transações de nodrop selecionadas com sucesso.
07/03/2023 08:38:59 PM - INFO:transações de nodrop selecionadas com sucesso.
07/03/2023 08:39:00 PM - INFO:transações de nodrop selecionadas com sucesso.
07/03/2023 08:39:00 PM - INFO:transações de nodrop selecionadas com sucesso.
07/03/2023 08:39:00 PM - INFO:transações de nodrop selecionadas com sucesso.
07/03/2023 08:39:01 PM - INFO:transações de nodrop selecionadas com sucesso.
07/03/2023 08:39:01 PM - INFO:transações de nodrop selecionadas com sucesso.
07/03/2023 08:39:01 PM - INFO:transações de nodrop selecionadas com sucesso.
07/03/2023 08:39:01 PM - INFO:transações de nodrop selecionadas com sucesso.
07/03/2023 08:39:02 PM - INFO:transações de nodrop selecionadas com sucesso.
07/03/2023 08:39:02 PM - INFO:transações de nodrop selecionadas com sucesso.
07/03/2023 08:39:02 PM - INFO:transações de nodrop selecionadas com sucesso.
07/03/2023 08:39:03 PM - INFO:transações de nodrop selecionadas com sucesso.
07/03/2023 08:39:03 PM - INFO:transações de nodrop selecionadas com sucesso.
07/03/2023 08:39:03 PM - INFO:transações de nodrop selecionadas com sucesso.
07/03/2023 08:39:03 PM - WARNING:Não foi possivel selecionar as transações de nodrop - list index out of range
07/03/2023 08:39:04 PM - INFO:transações de nodrop selecionadas com sucesso.
07/03/2023 08:39:04 PM - INFO:transações de nodrop selecionadas com sucesso.
07/03/2023 08:39:04 PM - INFO:transações de nodrop selecionadas com sucesso.
07/03/2023 08:39:05 PM - INFO:transações de nodrop selecionadas com sucesso.
07/03/2023 08:39:05 PM - INFO:transações de nodrop selecionadas com sucesso.
07/03/2023 08:39:05 PM - INFO:transações de nodrop selecionadas com sucesso.
07/03/2023 08:39:06 PM - INFO:transações de nodrop selecionadas com sucesso.
07/03/2023 08:39:06 PM - INFO:transações de nodrop selecionadas com sucesso.
07/03/2023 08:39:06 PM - INFO:transações de nodrop selecionadas com sucesso.
07/03/2023 08:39:07 PM - INFO:transações de nodrop selecionadas com sucesso.
07/03/2023 08:39:07 PM - INFO:transações de nodrop selecionadas com sucesso.
07/03/2023 08:39:07 PM - INFO:transações de nodrop selecionadas com sucesso.
07/03/2023 08:39:07 PM - INFO:transações de nodrop selecionadas com sucesso.
07/03/2023 08:39:08 PM - INFO:transações de nodrop selecionadas com sucesso.
07/03/2023 08:39:08 PM - INFO:transações de nodrop selecionadas com sucesso.
07/03/2023 08:39:08 PM - INFO:transações de nodrop selecionadas com sucesso.
07/03/2023 08:39:09 PM - INFO:transações de nodrop selecionadas com sucesso.
07/03/2023 08:39:09 PM - INFO:transações de nodrop selecionadas com sucesso.
07/03/2023 08:39:09 PM - INFO:transações de nodrop selecionadas com sucesso.
07/03/2023 08:39:10 PM - INFO:transações de nodrop selecionadas com sucesso.
07/03/2023 08:39:10 PM - INFO:transações de nodrop selecionadas com sucesso.
07/03/2023 08:39:10 PM - INFO:transações de nodrop selecionadas com sucesso.
07/03/2023 08:39:11 PM - INFO:transações de nodrop selecionadas com sucesso.
07/03/2023 08:39:11 PM - INFO:transações de nodrop selecionadas com sucesso.
07/03/2023 08:39:11 PM - INFO:transações de nodrop selecionadas com sucesso.
07/03/2023 08:39:12 PM - INFO:transações de nodrop selecionadas com sucesso.
07/03/2023 08:39:12 PM - INFO:transações de nodrop selecionadas com sucesso.
07/03/2023 08:39:12 PM - INFO:transações de nodrop selecionadas com sucesso.
07/03/2023 08:39:13 PM - INFO:transações de nodrop selecionadas com sucesso.
07/03/2023 08:39:13 PM - INFO:transações de nodrop selecionadas com sucesso.
07/03/2023 08:39:13 PM - INFO:transações de nodrop selecionadas com sucesso.
07/03/2023 08:39:14 PM - INFO:transações de nodrop selecionadas com sucesso.
07/03/2023 08:39:14 PM - WARNING:Não foi possivel selecionar as transações de nodrop - list index out of range
07/03/2023 08:39:14 PM - INFO:transações de nodrop selecionadas com sucesso.
07/03/2023 08:39:14 PM - INFO:transações de nodrop selecionadas com sucesso.
07/03/2023 08:39:15 PM - INFO:transações de nodrop selecionadas com sucesso.
07/03/2023 08:39:15 PM - INFO:transações de nodrop selecionadas com sucesso.
07/03/2023 08:39:15 PM - INFO:transações de nodrop selecionadas com sucesso.
07/03/2023 08:39:15 PM - INFO:transações de nodrop selecionadas com sucesso.
07/03/2023 08:39:16 PM - INFO:transações de nodrop selecionadas com sucesso.
07/03/2023 08:39:16 PM - INFO:transações de nodrop selecionadas com sucesso.
07/03/2023 08:39:16 PM - INFO:transações de nodrop selecionadas com sucesso.
07/03/2023 08:39:16 PM - INFO:transações de nodrop selecionadas com sucesso.
07/03/2023 08:39:17 PM - INFO:transações de nodrop selecionadas com sucesso.
07/03/2023 08:39:17 PM - INFO:transações de nodrop selecionadas com sucesso.
07/03/2023 08:39:17 PM - INFO:transações de nodrop selecionadas com sucesso.
07/03/2023 08:39:18 PM - INFO:transações de nodrop selecionadas com sucesso.
07/03/2023 08:39:18 PM - INFO:transações de nodrop selecionadas com sucesso.
07/03/2023 08:39:18 PM - INFO:transações de nodrop selecionadas com sucesso.
07/03/2023 08:39:19 PM - INFO:transações de nodrop selecionadas com sucesso.
07/03/2023 08:39:19 PM - INFO:transações de nodrop selecionadas com sucesso.
07/03/2023 08:39:19 PM - INFO:transações de nodrop selecionadas com sucesso.
07/03/2023 08:39:20 PM - INFO:transações de nodrop selecionadas com sucesso.
07/03/2023 08:39:20 PM - INFO:transações de nodrop selecionadas com sucesso.
07/03/2023 08:39:20 PM - INFO:transações de nodrop selecionadas com sucesso.
07/03/2023 08:39:21 PM - INFO:transações de nodrop selecionadas com sucesso.
07/03/2023 08:39:21 PM - INFO:transações de nodrop selecionadas com sucesso.
07/03/2023 08:39:21 PM - INFO:transações de nodrop selecionadas com sucesso.
07/03/2023 08:39:22 PM - INFO:transações de nodrop selecionadas com sucesso.
07/03/2023 08:39:22 PM - INFO:transações de nodrop selecionadas com sucesso.
07/03/2023 08:39:22 PM - INFO:transações de nodrop selecionadas com sucesso.
07/03/2023 08:39:22 PM - INFO:transações de nodrop selecionadas com sucesso.
07/03/2023 08:39:23 PM - INFO:transações de nodrop selecionadas com sucesso.
07/03/2023 08:39:23 PM - INFO:transações de nodrop selecionadas com sucesso.
07/03/2023 08:39:23 PM - INFO:transações de nodrop selecionadas com sucesso.
07/03/2023 08:39:23 PM - INFO:transações de nodrop selecionadas com sucesso.
07/03/2023 08:39:24 PM - INFO:transações de nodrop selecionadas com sucesso.
07/03/2023 08:39:24 PM - INFO:transações de nodrop selecionadas com sucesso.
07/03/2023 08:39:24 PM - INFO:transações de nodrop selecionadas com sucesso.
07/03/2023 08:39:25 PM - INFO:transações de nodrop selecionadas com sucesso.
07/03/2023 08:39:25 PM - INFO:transações de nodrop selecionadas com sucesso.
07/03/2023 08:39:25 PM - INFO:transações de nodrop selecionadas com sucesso.
07/03/2023 08:39:25 PM - INFO:transações de nodrop selecionadas com sucesso.
07/03/2023 08:39:26 PM - INFO:transações de nodrop selecionadas com sucesso.
07/03/2023 08:39:26 PM - INFO:transações de nodrop selecionadas com sucesso.
07/03/2023 08:39:26 PM - INFO:transações de nodrop selecionadas com sucesso.
07/03/2023 08:39:26 PM - INFO:transações de nodrop selecionadas com sucesso.
07/03/2023 08:39:27 PM - INFO:transações de nodrop selecionadas com sucesso.
07/03/2023 08:39:27 PM - INFO:transações de nodrop selecionadas com sucesso.
07/03/2023 08:39:27 PM - INFO:transações de nodrop selecionadas com sucesso.
07/03/2023 08:39:28 PM - INFO:transações de nodrop selecionadas com sucesso.
07/03/2023 08:39:28 PM - INFO:transações de nodrop selecionadas com sucesso.
07/03/2023 08:39:28 PM - INFO:transações de nodrop selecionadas com sucesso.
07/03/2023 08:39:29 PM - INFO:transações de nodrop selecionadas com sucesso.
07/03/2023 08:39:29 PM - INFO:transações de nodrop selecionadas com sucesso.
07/03/2023 08:39:29 PM - INFO:transações de nodrop selecionadas com sucesso.
07/03/2023 08:39:30 PM - INFO:transações de nodrop selecionadas com sucesso.
07/03/2023 08:39:30 PM - INFO:transações de nodrop selecionadas com sucesso.
07/03/2023 08:39:30 PM - INFO:transações de nodrop selecionadas com sucesso.
07/03/2023 08:39:31 PM - INFO:transações de nodrop selecionadas com sucesso.
07/03/2023 08:39:31 PM - INFO:transações de nodrop selecionadas com sucesso.
07/03/2023 08:39:31 PM - INFO:transações de nodrop selecionadas com sucesso.
07/03/2023 08:39:32 PM - INFO:transações de nodrop selecionadas com sucesso.
07/03/2023 08:39:32 PM - INFO:transações de nodrop selecionadas com sucesso.
07/03/2023 08:39:32 PM - INFO:transações de nodrop selecionadas com sucesso.
07/03/2023 08:39:32 PM - INFO:transações de nodrop selecionadas com sucesso.
07/03/2023 08:39:33 PM - INFO:transações de nodrop selecionadas com sucesso.
07/03/2023 08:39:33 PM - INFO:transações de nodrop selecionadas com sucesso.
07/03/2023 08:39:33 PM - INFO:transações de nodrop selecionadas com sucesso.
07/03/2023 08:39:34 PM - INFO:transações de nodrop selecionadas com sucesso.
07/03/2023 08:39:34 PM - INFO:transações de nodrop selecionadas com sucesso.
07/03/2023 08:39:34 PM - INFO:transações de nodrop selecionadas com sucesso.
07/03/2023 08:39:35 PM - INFO:transações de nodrop selecionadas com sucesso.
07/03/2023 08:39:35 PM - INFO:transações de nodrop selecionadas com sucesso.
07/03/2023 08:39:35 PM - INFO:transações de nodrop selecionadas com sucesso.
07/03/2023 08:39:36 PM - INFO:transações de nodrop selecionadas com sucesso.
07/03/2023 08:39:36 PM - INFO:transações de nodrop selecionadas com sucesso.
07/03/2023 08:39:36 PM - INFO:transações de nodrop selecionadas com sucesso.
07/03/2023 08:39:37 PM - INFO:transações de nodrop selecionadas com sucesso.
07/03/2023 08:39:37 PM - INFO:transações de nodrop selecionadas com sucesso.
07/03/2023 08:39:37 PM - INFO:transações de nodrop selecionadas com sucesso.
07/03/2023 08:39:38 PM - INFO:transações de nodrop selecionadas com sucesso.
07/03/2023 08:39:38 PM - INFO:transações de nodrop selecionadas com sucesso.
07/03/2023 08:39:38 PM - INFO:transações de nodrop selecionadas com sucesso.
07/03/2023 08:39:38 PM - INFO:transações de nodrop selecionadas com sucesso.
07/03/2023 08:39:39 PM - INFO:transações de nodrop selecionadas com sucesso.
07/03/2023 08:39:39 PM - INFO:transações de nodrop selecionadas com sucesso.
07/03/2023 08:39:39 PM - INFO:transações de nodrop selecionadas com sucesso.
07/03/2023 08:39:39 PM - INFO:transações de nodrop selecionadas com sucesso.
07/03/2023 08:39:40 PM - INFO:transações de nodrop selecionadas com sucesso.
07/03/2023 08:39:40 PM - INFO:transações de nodrop selecionadas com sucesso.
07/03/2023 08:39:40 PM - INFO:transações de nodrop selecionadas com sucesso.
07/03/2023 08:39:41 PM - INFO:transações de nodrop selecionadas com sucesso.
07/03/2023 08:39:41 PM - INFO:transações de nodrop selecionadas com sucesso.
07/03/2023 08:39:41 PM - INFO:transações de nodrop selecionadas com sucesso.
07/03/2023 08:39:42 PM - INFO:transações de nodrop selecionadas com sucesso.
07/03/2023 08:39:42 PM - INFO:transações de nodrop selecionadas com sucesso.
07/03/2023 08:39:42 PM - INFO:transações de nodrop selecionadas com sucesso.
07/03/2023 08:39:43 PM - INFO:transações de nodrop selecionadas com sucesso.
07/03/2023 08:39:43 PM - INFO:transações de nodrop selecionadas com sucesso.
07/03/2023 08:39:43 PM - INFO:transações de nodrop selecionadas com sucesso.
07/03/2023 08:39:44 PM - INFO:transações de nodrop selecionadas com sucesso.
07/03/2023 08:39:44 PM - INFO:transações de nodrop selecionadas com sucesso.
07/03/2023 08:39:44 PM - INFO:transações de nodrop selecionadas com sucesso.
07/03/2023 08:39:45 PM - INFO:transações de nodrop selecionadas com sucesso.
07/03/2023 08:39:45 PM - INFO:Nodrops encontrados: 199, Cancl encontrados: 0,Nodrops possiveis: 199, total de cancelamentos efetuados: 195, quantidade de transações que não foram encontradas : 4
07/03/2023 08:39:45 PM - INFO:Iniciando a criação dos arquivos de importação
07/03/2023 08:39:45 PM - INFO:Arquivo de criação de cancl criado sucesso.
07/03/2023 08:39:55 PM - INFO:Arquivo de Update criado com sucesso.
07/03/2023 08:40:05 PM - INFO:Arquivo de atualização de estoque criado com sucesso.
